Build started 11/27/2015 7:43:50 PM.
     1>Project "L:\School\CIT 242 (C++ II)\Project17\Convertible\Convertible.vcxproj" on node 2 (Build target(s)).
     1>Link:
         D:\Program Files\Visual Studio Pro 2013\VC\bin\link.exe /ERRORREPORT:PROMPT /OUT:"L:\School\CIT 242 (C++ II)\Project17\Convertible\Debug\Convertible.exe" /INCREMENTAL /NOLOGO kernel32.lib user32.lib gdi32.lib winspool.lib comdlg32.lib advapi32.lib shell32.lib ole32.lib oleaut32.lib uuid.lib odbc32.lib odbccp32.lib /MANIFEST /MANIFESTUAC:"level='asInvoker' uiAccess='false'" /manifest:embed /DEBUG /PDB:"L:\School\CIT 242 (C++ II)\Project17\Convertible\Debug\Convertible.pdb" /SUBSYSTEM:CONSOLE /TLBID:1 /DYNAMICBASE /NXCOMPAT /IMPLIB:"L:\School\CIT 242 (C++ II)\Project17\Convertible\Debug\Convertible.lib" /MACHINE:X86 Debug\Convertible.obj
     1>LINK : fatal error LNK1168: cannot open L:\School\CIT 242 (C++ II)\Project17\Convertible\Debug\Convertible.exe for writing
     1>Done Building Project "L:\School\CIT 242 (C++ II)\Project17\Convertible\Convertible.vcxproj" (Build target(s)) -- FAILED.

Build FAILED.

Time Elapsed 00:00:00.23
